number,value,datetime_start,datetime_complete,duration,params_bal_w,params_cls_w,params_l1_share,params_lr,params_temperature,user_attrs_best_epoch,user_attrs_best_gate_acc,user_attrs_best_max_branch_w,user_attrs_best_min_branch_w,user_attrs_best_val_psnr,user_attrs_best_val_ssim,system_attrs_tpe:relative_params:0,state
0,0.08476653043180704,2026-10-04 18:27:49.922196,2026-10-04 18:31:54.713094,0 days 00:04:04.790898,0.0020513382630874496,0.15751320499779725,0.668543053481313,0.00025369990766817697,2.3299848545285125,1.0,0.9850543737411499,0.27486535906791687,0.2147197127342224,36.71748733520508,0.8606551885604858,,COMPLETE
1,0.08479329664260149,2026-10-04 18:31:54.724094,2026-10-04 18:35:50.118153,0 days 00:03:55.394059,0.02607024758370768,0.15930522616241014,0.5701975341512912,1.2184186502221756e-05,2.665440364437338,1.0,0.9823369383811951,0.2717907428741455,0.22711770236492157,37.904136657714844,0.8606119751930237,,COMPLETE
2,0.07552589289844036,2026-10-04 18:35:50.127796,2026-10-04 18:39:45.967071,0 days 00:03:55.839275,0.0023102018878452934,0.0265875439832727,0.5092630224331111,0.00027081608642499667,2.5811066020010545,4.0,0.88722825050354,0.40708234906196594,0.1491249054670334,35.131126403808594,0.8765863180160522,,COMPLETE
3,0.08494516648352146,2026-10-04 18:39:45.976070,2026-10-04 18:43:43.032050,0 days 00:03:57.055980,0.0038234752246751854,0.0730953983591291,0.5825320294340453,2.8145092716060658e-05,1.8118910790805947,1.0,0.9836956262588501,0.27020153403282166,0.22828257083892822,39.01185989379883,0.8603507876396179,,COMPLETE
4,0.0853618923574686,2026-10-04 18:43:43.042053,2026-10-04 18:47:41.211311,0 days 00:03:58.169258,0.008168455894760165,0.05404103854647329,0.7753338026250707,1.6071238512039884e-05,1.2303616213380453,7.0,0.9932065010070801,0.25461459159851074,0.2453262060880661,40.664222717285156,0.8592527508735657,,COMPLETE
5,0.08454695902764797,2026-10-04 18:47:41.219875,2026-10-04 18:51:38.681476,0 days 00:03:57.461601,0.001238513729886093,0.15304852121831464,0.8533291826268561,1.9721610970574002e-05,1.785586096034029,1.0,0.9823369383811951,0.274982213973999,0.2253304123878479,40.285831451416016,0.8609967231750488,,COMPLETE
6,0.08582571800798178,2026-10-04 18:51:38.689475,2026-10-04 18:52:57.567947,0 days 00:01:18.878472,0.08536189862866832,0.7902619549708229,0.7733951833556472,1.786013788939709e-05,0.6626289824631988,,,,,,,,PRUNED
7,0.0850196024402976,2026-10-04 18:52:57.580948,2026-10-04 18:56:55.650929,0 days 00:03:58.069981,0.007591104805282696,0.23359635026261596,0.8637788066524075,2.8180680291847213e-05,0.7441802850159597,1.0,0.9850543737411499,0.27041441202163696,0.22939911484718323,43.508697509765625,0.8601863980293274,,COMPLETE
8,0.08569348230957985,2026-10-04 18:56:55.659925,2026-10-04 18:58:12.423035,0 days 00:01:16.763110,0.0032927591344236173,0.6586289317583109,0.5549172056801505,5.3881085778172374e-05,0.585971302788046,,,,,,,,PRUNED
9,0.08518738485872746,2026-10-04 18:58:12.433469,2026-10-04 19:02:11.645658,0 days 00:03:59.212189,0.0023426581058204046,0.12399967836846093,0.7981350279592918,2.8869220380495717e-05,1.800170052944527,1.0,0.98777174949646,0.26504403352737427,0.23488213121891022,39.92033004760742,0.8599610328674316,,COMPLETE
10,0.07401705719530582,2026-10-04 19:02:11.660706,2026-10-04 19:06:23.697022,0 days 00:04:12.036316,0.0011529726370398021,0.017940470580266918,0.5462514032866465,0.00010119931753636861,1.5596881839797159,7.0,0.85326087474823,0.421166330575943,0.13036780059337616,36.0385856628418,0.8787156939506531,"{""bal_w"": 0.0011529726370398021, ""cls_w"": 0.017940470580266918, ""l1_share"": 0.5462514032866465, ""lr"": 0.00010119931753636861, ""temperature"": 1.5596881839797159}",COMPLETE
11,0.07243028376251459,2026-10-04 19:06:23.730543,2026-10-04 19:10:25.196204,0 days 00:04:01.465661,0.0018723676850200773,0.0120294460755163,0.5466359951272861,0.00019028748467071069,2.6353594203276165,8.0,0.7839673757553101,0.47313109040260315,0.10645362734794617,34.623287200927734,0.8816935420036316,"{""bal_w"": 0.0018723676850200773, ""cls_w"": 0.0120294460755163, ""l1_share"": 0.5466359951272861, ""lr"": 0.00019028748467071069, ""temperature"": 2.6353594203276165}",COMPLETE
12,0.07302951440215111,2026-10-04 19:10:25.208206,2026-10-04 19:14:25.194806,0 days 00:03:59.986600,0.0021297805405333698,0.011224851973913767,0.6772993236115745,0.0001389372932502204,2.0479783449854794,8.0,0.82472825050354,0.4486371874809265,0.1230853721499443,35.698917388916016,0.8804240226745605,"{""bal_w"": 0.0021297805405333698, ""cls_w"": 0.011224851973913767, ""l1_share"": 0.6772993236115745, ""lr"": 0.0001389372932502204, ""temperature"": 2.0479783449854794}",COMPLETE
13,0.07772894017398357,2026-10-04 19:14:25.205158,2026-10-04 19:18:25.049390,0 days 00:03:59.844232,0.0011179629749286204,0.026801053900410085,0.7167508578270341,0.0001406050465408263,2.6879283869011403,3.0,0.9538043737411499,0.3565240204334259,0.1932200789451599,38.095577239990234,0.8726206421852112,"{""bal_w"": 0.0011179629749286204, ""cls_w"": 0.026801053900410085, ""l1_share"": 0.7167508578270341, ""lr"": 0.0001406050465408263, ""temperature"": 2.6879283869011403}",COMPLETE
14,0.07401278056204319,2026-10-04 19:18:25.066388,2026-10-04 19:22:30.367136,0 days 00:04:05.300748,0.005909793000252914,0.01679613121425057,0.5812222777997353,9.972960448742852e-05,2.7538842293591745,8.0,0.89402174949646,0.41700926423072815,0.1397932767868042,35.5183219909668,0.8787493705749512,"{""bal_w"": 0.005909793000252914, ""cls_w"": 0.01679613121425057, ""l1_share"": 0.5812222777997353, ""lr"": 9.972960448742852e-05, ""temperature"": 2.7538842293591745}",COMPLETE
15,0.0794652933254838,2026-10-04 19:22:30.378150,2026-10-04 19:26:29.080647,0 days 00:03:58.702497,0.004123398053867827,0.0344071587871216,0.6663610165436324,0.00017349713655034023,1.5258408028571662,7.0,0.970108687877655,0.3189610242843628,0.20729079842567444,39.139076232910156,0.8693816065788269,"{""bal_w"": 0.004123398053867827, ""cls_w"": 0.0344071587871216, ""l1_share"": 0.6663610165436324, ""lr"": 0.00017349713655034023, ""temperature"": 1.5258408028571662}",COMPLETE
16,0.074940443970263,2026-10-04 19:26:29.089155,2026-10-04 19:30:28.720922,0 days 00:03:59.631767,0.010946659221115745,0.022201069518436367,0.5077683052827144,0.0001094707923432656,2.1348309638791934,8.0,0.917119562625885,0.39561110734939575,0.1594865322113037,35.7569465637207,0.8774082064628601,"{""bal_w"": 0.010946659221115745, ""cls_w"": 0.022201069518436367, ""l1_share"": 0.5077683052827144, ""lr"": 0.0001094707923432656, ""temperature"": 2.1348309638791934}",COMPLETE
17,0.07201338093727827,2026-10-04 19:30:28.732406,2026-10-04 19:34:31.408477,0 days 00:04:02.676071,0.0010573573330642733,0.010283539569061783,0.5908502376414974,0.0002687790241564536,2.6280694348468083,8.0,0.760869562625885,0.490702748298645,0.10030296444892883,34.39240646362305,0.8823579549789429,"{""bal_w"": 0.0010573573330642733, ""cls_w"": 0.010283539569061783, ""l1_share"": 0.5908502376414974, ""lr"": 0.0002687790241564536, ""temperature"": 2.6280694348468083}",COMPLETE
18,0.08515476807951927,2026-10-04 19:34:31.428010,2026-10-04 19:35:54.330672,0 days 00:01:22.902662,0.0012156829274968363,0.09156412253130561,0.5097016248016923,0.0002544387592848841,1.9672781254826304,,,,,,,"{""bal_w"": 0.0012156829274968363, ""cls_w"": 0.09156412253130561, ""l1_share"": 0.5097016248016923, ""lr"": 0.0002544387592848841, ""temperature"": 1.9672781254826304}",PRUNED
19,0.0859091654419899,2026-10-04 19:35:54.350357,2026-10-04 19:37:20.788538,0 days 00:01:26.438181,0.0050774704128592986,0.07874955783920316,0.5145640746564389,0.0002697303962181083,2.612022195820319,,,,,,,"{""bal_w"": 0.0050774704128592986, ""cls_w"": 0.07874955783920316, ""l1_share"": 0.5145640746564389, ""lr"": 0.0002697303962181083, ""temperature"": 2.612022195820319}",PRUNED
