number,value,datetime_start,datetime_complete,duration,params_base_channels,params_batch_size,params_dropout,params_emb_dim,params_lambda_l1,params_lr_d,params_lr_g,user_attrs_best_epoch,user_attrs_best_val_l1,user_attrs_best_val_ssim,system_attrs_tpe:relative_params:0,state
0,0.32402364909648895,2026-10-04 20:03:13.296942,2026-10-04 20:07:39.994482,0 days 00:04:26.697540,64,4,0.3005575058716044,16,18.891200276189384,0.0004463590152176814,0.00011844319751820385,3.0,0.11016789078712463,0.46212059259414673,,COMPLETE
1,0.33526410534977913,2026-10-04 20:07:40.029753,2026-10-04 20:10:33.469785,0 days 00:02:53.440032,48,8,0.14607232426760908,16,46.66963767236923,7.627364729026308e-05,7.59967415065491e-05,3.0,0.11836934834718704,0.4478411376476288,,COMPLETE
2,0.3298049867153168,2026-10-04 20:10:33.484307,2026-10-04 20:14:12.159075,0 days 00:03:38.674768,48,4,0.15230688458668534,8,44.07984038169242,5.564426587452873e-05,0.00019560708142748483,20.0,0.10623788833618164,0.4466279149055481,,COMPLETE
3,0.3351741097867489,2026-10-04 20:14:12.176146,2026-10-04 20:16:50.546349,0 days 00:02:38.370203,48,8,0.4847923138822793,8,158.26541904647559,0.0004057797837985251,5.4120091907504824e-05,3.0,0.11511548608541489,0.4447672665119171,,COMPLETE
4,0.31877750530838966,2026-10-04 20:16:50.564882,2026-10-04 20:19:10.870658,0 days 00:02:20.305776,48,16,0.14046725484369038,16,192.29567074543374,7.851504189403355e-05,6.130028679593765e-05,7.0,0.10609445720911026,0.46853944659233093,,COMPLETE
5,0.3310910314321518,2026-10-04 20:19:10.888778,2026-10-04 20:21:56.270936,0 days 00:02:45.382158,48,8,0.1792328642721363,8,12.097379927033845,7.901065932051941e-05,0.00029594756677318233,2.0,0.11554288864135742,0.45336082577705383,,COMPLETE
6,0.32797757536172867,2026-10-04 20:21:56.282448,2026-10-04 20:24:23.408542,0 days 00:02:27.126094,64,16,0.3803925243084487,8,35.995125264172316,0.00010571906813317192,0.00010231806681740808,3.0,0.11178384721279144,0.4558286964893341,,COMPLETE
7,0.3565068691968918,2026-10-04 20:24:23.421541,2026-10-04 20:25:09.900053,0 days 00:00:46.478512,48,8,0.20519146151781487,4,16.208907007203535,6.410050209458458e-05,5.3013823894794384e-05,,,,,PRUNED
8,0.32965804263949394,2026-10-04 20:25:09.912574,2026-10-04 20:27:39.337995,0 days 00:02:29.425421,48,8,0.40372007758203127,4,35.94843964212238,0.00032143294244159126,0.0004252728490529761,8.0,0.1101902648806572,0.4508741796016693,,COMPLETE
9,0.30457842350006104,2026-10-04 20:27:39.348526,2026-10-04 20:30:53.790343,0 days 00:03:14.441817,64,8,0.4714548519562596,16,183.78820614214746,0.0003628278268393093,0.00032884009898294625,7.0,0.10257959365844727,0.4934227466583252,,COMPLETE
10,0.30430755764245987,2026-10-04 20:30:53.798849,2026-10-04 20:34:09.337852,0 days 00:03:15.539003,64,8,0.1875830705910217,16,125.02282316472103,0.0004150788591616727,0.00024238749533407922,7.0,0.10088144242763519,0.49226632714271545,"{""base_channels"": 64, ""batch_size"": 8, ""dropout"": 0.1875830705910217, ""emb_dim"": 16, ""lambda_l1"": 125.02282316472103, ""lr_d"": 0.0004150788591616727, ""lr_g"": 0.00024238749533407922}",COMPLETE
11,0.30217327550053596,2026-10-04 20:34:09.351930,2026-10-04 20:37:28.699390,0 days 00:03:19.347460,64,8,0.3303982203896656,16,152.64997596551393,0.00033518772086425487,0.00034034279349507253,7.0,0.10042787343263626,0.49608132243156433,"{""base_channels"": 64, ""batch_size"": 8, ""dropout"": 0.3303982203896656, ""emb_dim"": 16, ""lambda_l1"": 152.64997596551393, ""lr_d"": 0.00033518772086425487, ""lr_g"": 0.00034034279349507253}",COMPLETE
12,0.32369236275553703,2026-10-04 20:37:28.707918,2026-10-04 20:40:34.406702,0 days 00:03:05.698784,64,8,0.2440624334586718,4,152.45479882372558,0.000499865531679499,0.00019818198367436128,2.0,0.11041557043790817,0.4630308449268341,"{""base_channels"": 64, ""batch_size"": 8, ""dropout"": 0.2440624334586718, ""emb_dim"": 4, ""lambda_l1"": 152.45479882372558, ""lr_d"": 0.000499865531679499, ""lr_g"": 0.00019818198367436128}",COMPLETE
13,0.3105383366346359,2026-10-04 20:40:34.415232,2026-10-04 20:43:51.498108,0 days 00:03:17.082876,64,8,0.12251669476846824,16,196.68078676634534,0.00020022514345325072,0.00017983216329435002,7.0,0.10514160990715027,0.4840649366378784,"{""base_channels"": 64, ""batch_size"": 8, ""dropout"": 0.12251669476846824, ""emb_dim"": 16, ""lambda_l1"": 196.68078676634534, ""lr_d"": 0.00020022514345325072, ""lr_g"": 0.00017983216329435002}",COMPLETE
14,0.30305784940719604,2026-10-04 20:43:51.507157,2026-10-04 20:47:09.067397,0 days 00:03:17.560240,64,8,0.21918853960962373,16,75.1220269432291,0.0002091556076882835,0.0003670275955950843,7.0,0.1009221076965332,0.4948064088821411,"{""base_channels"": 64, ""batch_size"": 8, ""dropout"": 0.21918853960962373, ""emb_dim"": 16, ""lambda_l1"": 75.1220269432291, ""lr_d"": 0.0002091556076882835, ""lr_g"": 0.0003670275955950843}",COMPLETE
15,0.31668978556990623,2026-10-04 20:47:09.081409,2026-10-04 20:50:25.931466,0 days 00:03:16.850057,64,8,0.2991895526660416,16,41.30672332002681,0.00021068686092037727,0.0002935182703179266,5.0,0.11049868911504745,0.477119117975235,"{""base_channels"": 64, ""batch_size"": 8, ""dropout"": 0.2991895526660416, ""emb_dim"": 16, ""lambda_l1"": 41.30672332002681, ""lr_d"": 0.00021068686092037727, ""lr_g"": 0.0002935182703179266}",COMPLETE
16,0.3030961640179157,2026-10-04 20:50:25.944468,2026-10-04 20:53:44.615580,0 days 00:03:18.671112,64,8,0.05943622945958177,16,76.2227754909686,0.0002692210443847294,0.0003131302476192566,7.0,0.10047680884599686,0.4942844808101654,"{""base_channels"": 64, ""batch_size"": 8, ""dropout"": 0.05943622945958177, ""emb_dim"": 16, ""lambda_l1"": 76.2227754909686, ""lr_d"": 0.0002692210443847294, ""lr_g"": 0.0003131302476192566}",COMPLETE
17,0.30607547983527184,2026-10-04 20:53:44.635395,2026-10-04 20:57:12.419180,0 days 00:03:27.783785,64,8,0.2446305546461448,32,108.97605882882894,0.0001949548062532676,0.00021720799241814348,7.0,0.1009078249335289,0.48875686526298523,"{""base_channels"": 64, ""batch_size"": 8, ""dropout"": 0.2446305546461448, ""emb_dim"": 32, ""lambda_l1"": 108.97605882882894, ""lr_d"": 0.0001949548062532676, ""lr_g"": 0.00021720799241814348}",COMPLETE
18,0.3079642355442047,2026-10-04 20:57:12.429183,2026-10-04 21:00:26.846477,0 days 00:03:14.417294,64,8,0.1813752238469083,16,58.19655034131229,0.00018294721394642235,0.00013757288771332776,8.0,0.10273423790931702,0.4868057668209076,"{""base_channels"": 64, ""batch_size"": 8, ""dropout"": 0.1813752238469083, ""emb_dim"": 16, ""lambda_l1"": 58.19655034131229, ""lr_d"": 0.00018294721394642235, ""lr_g"": 0.00013757288771332776}",COMPLETE
19,0.3061338700354099,2026-10-04 21:00:26.855180,2026-10-04 21:03:44.380699,0 days 00:03:17.525519,64,8,0.1850994005341859,16,188.7342702625283,0.00027421634380815055,0.0004978577990772268,7.0,0.10348636656999588,0.491218626499176,"{""base_channels"": 64, ""batch_size"": 8, ""dropout"": 0.1850994005341859, ""emb_dim"": 16, ""lambda_l1"": 188.7342702625283, ""lr_d"": 0.00027421634380815055, ""lr_g"": 0.0004978577990772268}",COMPLETE
