number,value,datetime_start,datetime_complete,duration,params_alpha,params_base_channels,params_batch_size,params_bottleneck_dim,params_lr,user_attrs_blur_val_score,user_attrs_blur_val_ssim,user_attrs_occlusion_val_score,user_attrs_occlusion_val_ssim,user_attrs_salt_val_score,user_attrs_salt_val_ssim,system_attrs_tpe:relative_params:0,state
0,0.2141015281279882,2026-10-04 15:29:57.761520,2026-10-04 15:33:11.639970,0 days 00:03:13.878450,0.5092630224331111,24,16,512,0.0003574712922600243,0.18991506844758987,0.6839725375175476,0.245162982493639,0.5908337235450745,0.20722653344273567,0.6537946462631226,,COMPLETE
1,0.17465502706666788,2026-10-04 15:33:11.651344,2026-10-04 15:38:00.389040,0 days 00:04:48.737696,0.5627722372934189,40,16,2048,0.002708160864249967,0.149971853941679,0.756843626499176,0.2166236713528633,0.6429254412651062,0.1573695559054613,0.7456527352333069,,COMPLETE
2,0.23413649946451187,2026-10-04 15:38:00.397042,2026-10-04 15:41:31.231525,0 days 00:03:30.834483,0.5292732168433758,32,64,2048,0.00027010527749605503,0.20466576889157295,0.6552810668945312,0.26777101308107376,0.5473912358283997,0.2299727164208889,0.6128759384155273,,COMPLETE
3,0.213136309136947,2026-10-04 15:41:31.240579,2026-10-04 15:45:01.602480,0 days 00:03:30.361901,0.9091941809354519,32,16,1024,0.00252126790477792,0.17550062760710716,0.6976240277290344,0.26029619947075844,0.5598785281181335,0.2036121003329754,0.6577652096748352,,COMPLETE
4,0.20499013053874174,2026-10-04 15:45:01.614478,2026-10-04 15:48:33.488089,0 days 00:03:31.873611,0.7690549904649883,32,16,2048,0.00024112898115291975,0.1720863413065672,0.7051063179969788,0.24345697090029716,0.5923655033111572,0.19942707940936089,0.6673327684402466,,COMPLETE
5,0.25787218287587166,2026-10-04 15:48:33.497134,2026-10-04 15:48:55.261401,0 days 00:00:21.764267,0.7442132374212118,24,32,1024,0.002299958642814372,,,,,,,,PRUNED
6,0.2995661720633507,2026-10-04 15:48:55.276401,2026-10-04 15:49:17.413799,0 days 00:00:22.137398,0.8470716560086755,24,64,512,0.00016149614799999194,,,,,,,,PRUNED
7,0.28239821270108223,2026-10-04 15:49:17.429837,2026-10-04 15:49:49.407713,0 days 00:00:31.977876,0.7869008621098459,40,64,512,0.00012863908101989929,,,,,,,,PRUNED
8,0.2491924948990345,2026-10-04 15:49:49.416722,2026-10-04 15:50:23.949269,0 days 00:00:34.532547,0.5114386070348428,32,64,2048,0.002044187835249379,,,,,,,,PRUNED
9,0.2646423690021038,2026-10-04 15:50:23.963414,2026-10-04 15:50:48.027678,0 days 00:00:24.064264,0.5346409594229569,32,32,1024,0.00014433402406338895,,,,,,,,PRUNED
10,0.18058094816903272,2026-10-04 15:50:48.040678,2026-10-04 15:55:38.101965,0 days 00:04:50.061287,0.6936773220020732,40,16,2048,0.00206254875011676,0.15437141247093678,0.7481380701065063,0.223425704985857,0.6297982931137085,0.1639457270503044,0.7327752113342285,"{""alpha"": 0.6936773220020732, ""base_channels"": 40, ""batch_size"": 16, ""bottleneck_dim"": 2048, ""lr"": 0.00206254875011676}",COMPLETE
11,0.17948951634267965,2026-10-04 15:55:38.114498,2026-10-04 16:00:26.952477,0 days 00:04:48.837979,0.7622028999016728,40,16,2048,0.0010901686418802938,0.15046777576208115,0.7440685629844666,0.219769436866045,0.6355436444282532,0.16823133639991283,0.7245523929595947,"{""alpha"": 0.7622028999016728, ""base_channels"": 40, ""batch_size"": 16, ""bottleneck_dim"": 2048, ""lr"": 0.0010901686418802938}",COMPLETE
12,0.1811124893526236,2026-10-04 16:00:26.961476,2026-10-04 16:05:15.871128,0 days 00:04:48.909652,0.7443850650165525,40,16,2048,0.000835985943606037,0.15539679676294327,0.7417963147163391,0.21894297376275063,0.6372881531715393,0.16899769753217697,0.7233638763427734,"{""alpha"": 0.7443850650165525, ""base_channels"": 40, ""batch_size"": 16, ""bottleneck_dim"": 2048, ""lr"": 0.000835985943606037}",COMPLETE
13,0.2523728720843792,2026-10-04 16:05:15.882141,2026-10-04 16:05:38.568910,0 days 00:00:22.686769,0.9435874487957203,24,16,2048,0.0007220002298054466,,,,,,,"{""alpha"": 0.9435874487957203, ""base_channels"": 24, ""batch_size"": 16, ""bottleneck_dim"": 2048, ""lr"": 0.0007220002298054466}",PRUNED
14,0.2337324172258377,2026-10-04 16:05:38.580415,2026-10-04 16:06:11.477231,0 days 00:00:32.896816,0.8596660919522474,40,16,2048,0.0010084837702117697,,,,,,,"{""alpha"": 0.8596660919522474, ""base_channels"": 40, ""batch_size"": 16, ""bottleneck_dim"": 2048, ""lr"": 0.0010084837702117697}",PRUNED
15,0.18305281549692154,2026-10-04 16:06:11.489894,2026-10-04 16:11:01.140826,0 days 00:04:49.650932,0.6331761046880345,40,16,2048,0.00047612006823513007,0.1571668293327093,0.7433215975761414,0.2196325585246086,0.6365891098976135,0.1723590586334467,0.7175970673561096,"{""alpha"": 0.6331761046880345, ""base_channels"": 40, ""batch_size"": 16, ""bottleneck_dim"": 2048, ""lr"": 0.00047612006823513007}",COMPLETE
16,0.2527589797973633,2026-10-04 16:11:01.150356,2026-10-04 16:11:33.435973,0 days 00:00:32.285617,0.5737814928722801,40,16,512,0.0013778629323133605,,,,,,,"{""alpha"": 0.5737814928722801, ""base_channels"": 40, ""batch_size"": 16, ""bottleneck_dim"": 512, ""lr"": 0.0013778629323133605}",PRUNED
17,0.17346763300398985,2026-10-04 16:11:33.444973,2026-10-04 16:16:23.628802,0 days 00:04:50.183829,0.5268066031821165,40,16,2048,0.002080203519699963,0.1494097299873829,0.7581045627593994,0.21371172741055489,0.6480871438980103,0.1572814416140318,0.7459047436714172,"{""alpha"": 0.5268066031821165, ""base_channels"": 40, ""batch_size"": 16, ""bottleneck_dim"": 2048, ""lr"": 0.002080203519699963}",COMPLETE
18,0.20811345055699348,2026-10-04 16:16:23.637812,2026-10-04 16:16:51.961769,0 days 00:00:28.323957,0.5668343834170646,24,16,2048,0.0012186090375547849,,,,,,,"{""alpha"": 0.5668343834170646, ""base_channels"": 24, ""batch_size"": 16, ""bottleneck_dim"": 2048, ""lr"": 0.0012186090375547849}",PRUNED
19,0.2564234994351864,2026-10-04 16:16:51.975284,2026-10-04 16:17:23.716570,0 days 00:00:31.741286,0.5897947889029126,40,64,2048,0.0012163139854232984,,,,,,,"{""alpha"": 0.5897947889029126, ""base_channels"": 40, ""batch_size"": 64, ""bottleneck_dim"": 2048, ""lr"": 0.0012163139854232984}",PRUNED
