number,value,datetime_start,datetime_complete,duration,params_base_channels,params_batch_size,params_dropout,params_lr,params_weight_decay,user_attrs_best_epoch,user_attrs_best_val_acc,user_attrs_best_val_macro_f1,system_attrs_tpe:relative_params:0,state
0,0.018925176933407784,2026-10-04 15:06:29.826374,2026-10-04 15:08:18.944209,0 days 00:01:49.117835,48,32,0.3005575058716044,0.0003574712922600243,0.0006796578090758161,12.0,0.9932065010070801,0.9932064715742526,,COMPLETE
1,0.02003592811524868,2026-10-04 15:08:18.957732,2026-10-04 15:10:27.336120,0 days 00:02:08.378388,48,32,0.21597250932105788,0.00010725209743172001,1.461896279370496e-05,12.0,0.991847813129425,0.9918478260869565,,COMPLETE
2,0.01886613294482231,2026-10-04 15:10:27.346115,2026-10-04 15:11:07.862651,0 days 00:00:40.516536,24,128,0.29620728443102123,0.0008012737503998541,1.5339162591163623e-06,11.0,0.991847813129425,0.9918468628146048,,COMPLETE
3,0.021765369921922684,2026-10-04 15:11:07.871669,2026-10-04 15:11:36.992969,0 days 00:00:29.121300,16,128,0.34211651325607845,0.0007896186801026692,5.762487216478604e-05,8.0,0.9945651888847351,0.9945650568601389,,COMPLETE
4,0.0456317700445652,2026-10-04 15:11:37.003976,2026-10-04 15:12:17.622125,0 days 00:00:40.618149,24,128,0.2733551396716398,0.00015144860262751404,5.4880470007660465e-06,12.0,0.9836956262588501,0.983722349153807,,COMPLETE
5,0.05116601660847664,2026-10-04 15:12:17.633129,2026-10-04 15:12:39.685648,0 days 00:00:22.052519,24,64,0.022613644455269033,0.0027051668818999287,2.0013420622879995e-05,,,,,PRUNED
6,0.057939499616622925,2026-10-04 15:12:39.700654,2026-10-04 15:13:19.318486,0 days 00:00:39.617832,48,64,0.03727532183988541,0.00037507963596256056,0.008862326508576254,,,,,PRUNED
7,0.0805022120475769,2026-10-04 15:13:19.332523,2026-10-04 15:13:43.908874,0 days 00:00:24.576351,32,128,0.1792328642721363,0.0013826083091896758,2.907208890659845e-06,,,,,PRUNED
8,0.04123125970363617,2026-10-04 15:13:43.920114,2026-10-04 15:14:11.731156,0 days 00:00:27.811042,32,32,0.44360637128816327,0.0018832519048593583,7.742116473996259e-05,,,,,PRUNED
9,0.05386767163872719,2026-10-04 15:14:11.739662,2026-10-04 15:14:28.157869,0 days 00:00:16.418207,16,64,0.012709563372047594,0.00015019490572374368,2.7012557725439094e-06,,,,,PRUNED
10,0.09688237309455872,2026-10-04 15:14:28.170869,2026-10-04 15:14:46.179378,0 days 00:00:18.008509,24,128,0.19960663043770102,0.00034057053086285574,0.001190925363665799,,,,"{""base_channels"": 24, ""batch_size"": 128, ""dropout"": 0.19960663043770102, ""lr"": 0.00034057053086285574, ""weight_decay"": 0.001190925363665799}",PRUNED
11,0.03472565859556198,2026-10-04 15:14:46.190888,2026-10-04 15:15:52.146608,0 days 00:01:05.955720,48,32,0.3858639458406114,0.0001875884299149456,0.0008296340962248645,,,,"{""base_channels"": 48, ""batch_size"": 32, ""dropout"": 0.3858639458406114, ""lr"": 0.0001875884299149456, ""weight_decay"": 0.0008296340962248645}",PRUNED
12,0.01818781904876232,2026-10-04 15:15:52.154608,2026-10-04 15:17:18.648390,0 days 00:01:26.493782,48,32,0.11888794590802468,0.0007026027269461295,3.66327679879819e-05,11.0,0.9945651888847351,0.9945652173913043,"{""base_channels"": 48, ""batch_size"": 32, ""dropout"": 0.11888794590802468, ""lr"": 0.0007026027269461295, ""weight_decay"": 3.66327679879819e-05}",COMPLETE
13,0.027807917445898056,2026-10-04 15:17:18.657388,2026-10-04 15:17:47.512113,0 days 00:00:28.854725,24,32,0.017858070660298528,0.0006136689803156601,3.96945213376981e-06,,,,"{""base_channels"": 24, ""batch_size"": 32, ""dropout"": 0.017858070660298528, ""lr"": 0.0006136689803156601, ""weight_decay"": 3.96945213376981e-06}",PRUNED
14,0.08679726719856262,2026-10-04 15:17:47.525130,2026-10-04 15:18:33.580258,0 days 00:00:46.055128,48,32,0.0854193872647036,0.00042323799403055196,0.00010028972113499566,,,,"{""base_channels"": 48, ""batch_size"": 32, ""dropout"": 0.0854193872647036, ""lr"": 0.00042323799403055196, ""weight_decay"": 0.00010028972113499566}",PRUNED
15,0.11813884228467941,2026-10-04 15:18:34.177560,2026-10-04 15:18:48.042048,0 days 00:00:13.864488,24,128,0.45141205787810573,0.0005709983094881864,7.813423700214887e-06,,,,"{""base_channels"": 24, ""batch_size"": 128, ""dropout"": 0.45141205787810573, ""lr"": 0.0005709983094881864, ""weight_decay"": 7.813423700214887e-06}",PRUNED
16,0.07818359136581421,2026-10-04 15:18:48.709370,2026-10-04 15:19:05.226190,0 days 00:00:16.516820,24,128,0.3400503952273324,0.0004536856718487163,7.534960263827324e-06,,,,"{""base_channels"": 24, ""batch_size"": 128, ""dropout"": 0.3400503952273324, ""lr"": 0.0004536856718487163, ""weight_decay"": 7.534960263827324e-06}",PRUNED
17,0.038102198392152786,2026-10-04 15:19:05.841171,2026-10-04 15:19:57.463552,0 days 00:00:51.622381,48,32,0.11420312555682086,0.0020099600621082004,1.2529677507216443e-05,,,,"{""base_channels"": 48, ""batch_size"": 32, ""dropout"": 0.11420312555682086, ""lr"": 0.0020099600621082004, ""weight_decay"": 1.2529677507216443e-05}",PRUNED
18,0.03197396919131279,2026-10-04 15:19:57.473554,2026-10-04 15:21:03.264148,0 days 00:01:05.790594,48,32,0.0493501558777293,0.0010160786440046937,0.0005019755284349826,,,,"{""base_channels"": 48, ""batch_size"": 32, ""dropout"": 0.0493501558777293, ""lr"": 0.0010160786440046937, ""weight_decay"": 0.0005019755284349826}",PRUNED
19,0.08620358258485794,2026-10-04 15:21:03.276650,2026-10-04 15:21:21.821167,0 days 00:00:18.544517,24,128,0.14447223203847206,0.0003505941795760442,1.189323160231529e-06,,,,"{""base_channels"": 24, ""batch_size"": 128, ""dropout"": 0.14447223203847206, ""lr"": 0.0003505941795760442, ""weight_decay"": 1.189323160231529e-06}",PRUNED
20,0.4171690046787262,2026-10-04 15:21:21.835172,2026-10-04 15:21:36.950173,0 days 00:00:15.115001,24,128,0.24648040929877285,0.0015925486842793784,1.6648444203907737e-05,,,,"{""base_channels"": 24, ""batch_size"": 128, ""dropout"": 0.24648040929877285, ""lr"": 0.0015925486842793784, ""weight_decay"": 1.6648444203907737e-05}",PRUNED
21,0.03356890007853508,2026-10-04 15:21:36.962181,2026-10-04 15:22:29.974660,0 days 00:00:53.012479,48,32,0.26807844422765115,0.000293800325189212,0.008656055031067401,,,,"{""base_channels"": 48, ""batch_size"": 32, ""dropout"": 0.26807844422765115, ""lr"": 0.000293800325189212, ""weight_decay"": 0.008656055031067401}",PRUNED
22,0.12209319323301315,2026-10-04 15:22:29.985662,2026-10-04 15:22:45.066578,0 days 00:00:15.080916,24,128,0.14149482471560568,0.000899758248080509,4.8819024775213424e-05,,,,"{""base_channels"": 24, ""batch_size"": 128, ""dropout"": 0.14149482471560568, ""lr"": 0.000899758248080509, ""weight_decay"": 4.8819024775213424e-05}",PRUNED
23,0.01354875136166811,2026-10-04 15:22:45.076576,2026-10-04 15:24:12.071752,0 days 00:01:26.995176,48,32,0.31940963580257276,0.0005504198203493527,2.373777181559422e-05,12.0,0.998641312122345,0.9986412943148505,"{""base_channels"": 48, ""batch_size"": 32, ""dropout"": 0.31940963580257276, ""lr"": 0.0005504198203493527, ""weight_decay"": 2.373777181559422e-05}",COMPLETE
24,0.04477962106466293,2026-10-04 15:24:12.081756,2026-10-04 15:24:51.208918,0 days 00:00:39.127162,48,32,0.30559092400333177,0.00037977894500462034,3.5513873344873027e-06,,,,"{""base_channels"": 48, ""batch_size"": 32, ""dropout"": 0.30559092400333177, ""lr"": 0.00037977894500462034, ""weight_decay"": 3.5513873344873027e-06}",PRUNED
