number,value,datetime_start,datetime_complete,duration,params_alpha,params_base_channels,params_batch_size,params_bottleneck_dim,params_dropout,params_lr,user_attrs_best_epoch,user_attrs_best_val_l1,user_attrs_best_val_psnr,user_attrs_best_val_ssim,system_attrs_tpe:relative_params:0,state
0,0.1973857805132866,2026-10-03 21:44:32.841110,2026-10-03 21:48:35.273009,0 days 00:04:02.431899,0.5955525998052242,64,16,2048,0.2497327922401265,0.0003574712922600243,11.0,0.07711635529994965,20.330541610717773,0.6823447942733765,,COMPLETE
1,0.20810151658952236,2026-10-03 21:48:35.292000,2026-10-03 21:52:11.895029,0 days 00:03:36.603029,0.7314054972861253,64,64,1024,0.05990213464750792,0.00018559980846490597,15.0,0.0561450831592083,22.124706268310547,0.6399420499801636,,COMPLETE
2,0.18148564733564854,2026-10-03 21:52:11.904727,2026-10-03 21:55:21.246130,0 days 00:03:09.341403,0.7228296095500716,48,32,1024,0.036611470453433645,0.000750011895041699,15.0,0.05800621584057808,22.09282875061035,0.695034921169281,,COMPLETE
3,0.2624783329665661,2026-10-03 21:55:21.254884,2026-10-03 21:57:26.529485,0 days 00:02:05.274601,0.9148434057604025,24,16,1024,0.17936999364332554,0.00011240768803005555,15.0,0.06905999034643173,20.63152503967285,0.5441033244132996,,COMPLETE
4,0.23690094985067844,2026-10-03 21:57:26.540539,2026-10-03 22:01:04.902584,0 days 00:03:38.362045,0.9440991214702328,64,64,1024,0.022365193103931248,0.00013511829476450826,15.0,0.05696176365017891,21.767236709594727,0.583159863948822,,COMPLETE
5,0.2800855040550232,2026-10-03 22:01:04.912130,2026-10-03 22:01:45.384414,0 days 00:00:40.472284,0.5286012576287107,48,64,1024,0.09926940745579475,0.0013826083091896758,,,,,,PRUNED
6,0.28037700802087784,2026-10-03 22:01:45.394522,2026-10-03 22:02:27.324573,0 days 00:00:41.930051,0.6923934582613473,48,32,256,0.1568198488145982,0.0002879775265707035,,,,,,PRUNED
7,0.30995533615350723,2026-10-03 22:02:27.335078,2026-10-03 22:02:58.165744,0 days 00:00:30.830666,0.5725495792643019,32,64,1024,0.0869254358741304,0.00010903028125371,,,,,,PRUNED
8,0.3045269623398781,2026-10-03 22:02:58.183201,2026-10-03 22:03:29.185774,0 days 00:00:31.002573,0.6921985048818153,32,64,1024,0.0683805487625825,0.0023619797107806506,,,,,,PRUNED
9,0.2902313657104969,2026-10-03 22:03:29.195910,2026-10-03 22:03:59.008230,0 days 00:00:29.812320,0.9373019372244322,24,16,256,0.1090888807137882,0.0016155001304356408,,,,,,PRUNED
10,0.2965056449174881,2026-10-03 22:03:59.020382,2026-10-03 22:04:41.275568,0 days 00:00:42.255186,0.6513202258958076,48,32,1024,0.23049230098710705,0.002152986430355239,,,,,"{""alpha"": 0.6513202258958076, ""base_channels"": 48, ""batch_size"": 32, ""bottleneck_dim"": 1024, ""dropout"": 0.23049230098710705, ""lr"": 0.002152986430355239}",PRUNED
11,0.17162510380148888,2026-10-03 22:04:41.288167,2026-10-03 22:08:31.111417,0 days 00:03:49.823250,0.5804390791296435,64,16,2048,0.13233186891664467,0.00018946741490978147,14.0,0.05264168232679367,22.851116180419922,0.7093914747238159,"{""alpha"": 0.5804390791296435, ""base_channels"": 64, ""batch_size"": 16, ""bottleneck_dim"": 2048, ""dropout"": 0.13233186891664467, ""lr"": 0.00018946741490978147}",COMPLETE
12,0.17237148992717266,2026-10-03 22:08:31.120856,2026-10-03 22:12:18.549801,0 days 00:03:47.428945,0.5231655779845887,64,16,2048,0.15530456551612315,0.0001931680541434844,14.0,0.05348553881049156,22.82655906677246,0.7087425589561462,"{""alpha"": 0.5231655779845887, ""base_channels"": 64, ""batch_size"": 16, ""bottleneck_dim"": 2048, ""dropout"": 0.15530456551612315, ""lr"": 0.0001931680541434844}",COMPLETE
13,0.16602789610624313,2026-10-03 22:12:18.558415,2026-10-03 22:16:06.853897,0 days 00:03:48.295482,0.5661995419898177,64,16,2048,0.11113602487020559,0.00024110594860909262,14.0,0.05135081708431244,23.024551391601562,0.7192950248718262,"{""alpha"": 0.5661995419898177, ""base_channels"": 64, ""batch_size"": 16, ""bottleneck_dim"": 2048, ""dropout"": 0.11113602487020559, ""lr"": 0.00024110594860909262}",COMPLETE
14,0.17351827211678028,2026-10-03 22:16:06.863500,2026-10-03 22:19:54.784132,0 days 00:03:47.920632,0.693293474880023,64,16,2048,0.13696722110148185,0.00023539188657779753,15.0,0.05337834730744362,22.89854621887207,0.7063418030738831,"{""alpha"": 0.693293474880023, ""base_channels"": 64, ""batch_size"": 16, ""bottleneck_dim"": 2048, ""dropout"": 0.13696722110148185, ""lr"": 0.00023539188657779753}",COMPLETE
15,0.16662730649113655,2026-10-03 22:19:54.793161,2026-10-03 22:23:42.354592,0 days 00:03:47.561431,0.6181842600683581,64,16,2048,0.09177741027227174,0.0005717399314619105,14.0,0.058675386011600494,22.183250427246094,0.7254207730293274,"{""alpha"": 0.6181842600683581, ""base_channels"": 64, ""batch_size"": 16, ""bottleneck_dim"": 2048, ""dropout"": 0.09177741027227174, ""lr"": 0.0005717399314619105}",COMPLETE
16,0.16286326944828033,2026-10-03 22:23:42.362697,2026-10-03 22:27:30.752721,0 days 00:03:48.390024,0.7179104625483296,64,16,2048,0.0903602559576986,0.0005784148147754884,14.0,0.0508403480052948,23.238069534301758,0.7251138091087341,"{""alpha"": 0.7179104625483296, ""base_channels"": 64, ""batch_size"": 16, ""bottleneck_dim"": 2048, ""dropout"": 0.0903602559576986, ""lr"": 0.0005784148147754884}",COMPLETE
17,0.16053417138755322,2026-10-03 22:27:30.760715,2026-10-03 22:31:18.798841,0 days 00:03:48.038126,0.5524871305072564,64,16,2048,0.02486528865605514,0.000458448296326793,15.0,0.061645861715078354,21.834630966186523,0.7405775189399719,"{""alpha"": 0.5524871305072564, ""base_channels"": 64, ""batch_size"": 16, ""bottleneck_dim"": 2048, ""dropout"": 0.02486528865605514, ""lr"": 0.000458448296326793}",COMPLETE
18,0.23638290166854858,2026-10-03 22:31:18.807972,2026-10-03 22:32:07.845730,0 days 00:00:49.037758,0.7735402181812752,64,16,2048,0.07862342559362621,0.0010243247850051744,,,,,"{""alpha"": 0.7735402181812752, ""base_channels"": 64, ""batch_size"": 16, ""bottleneck_dim"": 2048, ""dropout"": 0.07862342559362621, ""lr"": 0.0010243247850051744}",PRUNED
19,0.2666895054280758,2026-10-03 22:32:07.857231,2026-10-03 22:32:57.982290,0 days 00:00:50.125059,0.742141135990115,64,16,256,0.03418926335580317,0.0004487330338609922,,,,,"{""alpha"": 0.742141135990115, ""base_channels"": 64, ""batch_size"": 16, ""bottleneck_dim"": 256, ""dropout"": 0.03418926335580317, ""lr"": 0.0004487330338609922}",PRUNED
20,0.20529210940003395,2026-10-03 22:32:57.992802,2026-10-03 22:34:33.272874,0 days 00:01:35.280072,0.5659700517826887,64,16,2048,0.04242977753940647,0.00013602175201456892,,,,,"{""alpha"": 0.5659700517826887, ""base_channels"": 64, ""batch_size"": 16, ""bottleneck_dim"": 2048, ""dropout"": 0.04242977753940647, ""lr"": 0.00013602175201456892}",PRUNED
21,0.22921408340334892,2026-10-03 22:34:33.286335,2026-10-03 22:35:23.392143,0 days 00:00:50.105808,0.7006426981174295,64,16,2048,0.008614731871588746,0.0009088808079743746,,,,,"{""alpha"": 0.7006426981174295, ""base_channels"": 64, ""batch_size"": 16, ""bottleneck_dim"": 2048, ""dropout"": 0.008614731871588746, ""lr"": 0.0009088808079743746}",PRUNED
22,0.1582572478801012,2026-10-03 22:35:23.403829,2026-10-03 22:39:11.883988,0 days 00:03:48.480159,0.5289183729976686,64,16,2048,0.011190144410376995,0.0006498721366170191,15.0,0.05931127443909645,22.108501434326172,0.742796778678894,"{""alpha"": 0.5289183729976686, ""base_channels"": 64, ""batch_size"": 16, ""bottleneck_dim"": 2048, ""dropout"": 0.011190144410376995, ""lr"": 0.0006498721366170191}",COMPLETE
23,0.1599079892039299,2026-10-03 22:39:11.892103,2026-10-03 22:42:59.677409,0 days 00:03:47.785306,0.5396085451770751,64,16,2048,0.030177925828606688,0.0008917668832036995,15.0,0.061915382742881775,21.81601905822754,0.742099404335022,"{""alpha"": 0.5396085451770751, ""base_channels"": 64, ""batch_size"": 16, ""bottleneck_dim"": 2048, ""dropout"": 0.030177925828606688, ""lr"": 0.0008917668832036995}",COMPLETE
24,0.14951102063059807,2026-10-03 22:42:59.686489,2026-10-03 22:46:47.739515,0 days 00:03:48.053026,0.5577156634498676,64,16,2048,0.01290948447859711,0.0005818338850000651,14.0,0.048433445394039154,23.521451950073242,0.749411404132843,"{""alpha"": 0.5577156634498676, ""base_channels"": 64, ""batch_size"": 16, ""bottleneck_dim"": 2048, ""dropout"": 0.01290948447859711, ""lr"": 0.0005818338850000651}",COMPLETE
25,0.24425889179110527,2026-10-03 22:46:47.751014,2026-10-03 22:47:16.027836,0 days 00:00:28.276822,0.5172973901669403,24,16,2048,0.018490573094375927,0.0013103647691626796,,,,,"{""alpha"": 0.5172973901669403, ""base_channels"": 24, ""batch_size"": 16, ""bottleneck_dim"": 2048, ""dropout"": 0.018490573094375927, ""lr"": 0.0013103647691626796}",PRUNED
26,0.24332349374890327,2026-10-03 22:47:16.040931,2026-10-03 22:48:03.823735,0 days 00:00:47.782804,0.5142841562731171,64,32,2048,0.11579784678262214,0.0006612191680234805,,,,,"{""alpha"": 0.5142841562731171, ""base_channels"": 64, ""batch_size"": 32, ""bottleneck_dim"": 2048, ""dropout"": 0.11579784678262214, ""lr"": 0.0006612191680234805}",PRUNED
27,0.15948362089693546,2026-10-03 22:48:03.833809,2026-10-03 22:51:51.815191,0 days 00:03:47.981382,0.5667845891226861,64,16,2048,0.0010014282522656098,0.0011182042477024187,15.0,0.061260420829057693,21.876264572143555,0.7422931790351868,"{""alpha"": 0.5667845891226861, ""base_channels"": 64, ""batch_size"": 16, ""bottleneck_dim"": 2048, ""dropout"": 0.0010014282522656098, ""lr"": 0.0011182042477024187}",COMPLETE
28,0.25260961055755615,2026-10-03 22:51:51.824939,2026-10-03 22:52:41.077408,0 days 00:00:49.252469,0.6180648367767204,64,16,2048,0.03939032389118628,0.0006611916986571667,,,,,"{""alpha"": 0.6180648367767204, ""base_channels"": 64, ""batch_size"": 16, ""bottleneck_dim"": 2048, ""dropout"": 0.03939032389118628, ""lr"": 0.0006611916986571667}",PRUNED
29,0.29827116802334785,2026-10-03 22:52:41.088992,2026-10-03 22:53:11.668539,0 days 00:00:30.579547,0.5148636726077498,32,64,2048,0.0684178815725635,0.0004128646977654134,,,,,"{""alpha"": 0.5148636726077498, ""base_channels"": 32, ""batch_size"": 64, ""bottleneck_dim"": 2048, ""dropout"": 0.0684178815725635, ""lr"": 0.0004128646977654134}",PRUNED
